<?xml version="1.0" encoding="UTF-8"?>
<testsuite xmlns:xsi="http://www.w3.org/2001/XMLSchema-instance" xsi:schemaLocation="https://maven.apache.org/surefire/maven-surefire-plugin/xsd/surefire-test-report.xsd" name="test.alta.CucumberTestSuite" time="186.832" tests="24" errors="0" skipped="0" failures="0">
  <properties>
[...]
</properties>
  <testcase name="I am on Login Page" classname="Validasi Login Function #1" time="17.613"/>
  <testcase name="I input Email &quot;&quot; and Password &quot;password&quot;" classname="Validasi Login Function #1" time="1.434"/>
  <testcase name="I click login button" classname="Validasi Login Function #1" time="0.823"/>
  <testcase name="I validate elements &quot;email null&quot;" classname="Validasi Login Function #1" time="0.602"/>
  <testcase name="Validasi Login Function #1" classname="Validasi Login Function #1" time="16.804"/>
  <testcase name="I am on Login Page" classname="Validasi Login Function #2" time="15.763"/>
  <testcase name="I input Email &quot;priscillahalim@holyhos.co.id&quot; and Password &quot;&quot;" classname="Validasi Login Function #2" time="1.835"/>
  <testcase name="I click login button" classname="Validasi Login Function #2" time="0.169"/>
  <testcase name="I validate elements &quot;password null&quot;" classname="Validasi Login Function #2" time="0.592"/>
  <testcase name="Validasi Login Function #2" classname="Validasi Login Function #2" time="15.989"/>
  <testcase name="I am on Login Page" classname="Validasi Login Function #3" time="15.937"/>
  <testcase name="I input Email &quot;priscillahalim@holyhos.co.id&quot; and Password &quot;pass&quot;" classname="Validasi Login Function #3" time="1.791"/>
  <testcase name="I click login button" classname="Validasi Login Function #3" time="0.634"/>
  <testcase name="I validate elements &quot;password digit invalid&quot;" classname="Validasi Login Function #3" time="0.579"/>
  <testcase name="Validasi Login Function #3" classname="Validasi Login Function #3" time="12.546"/>
  <testcase name="I am on Login Page" classname="Validasi Login Function #4" time="12.827"/>
  <testcase name="I input Email &quot;priscillahalim@holyhos.co.id&quot; and Password &quot;password&quot;" classname="Validasi Login Function #4" time="1.641"/>
  <testcase name="I click login button" classname="Validasi Login Function #4" time="0.595"/>
  <testcase name="I validate elements &quot;login&quot;" classname="Validasi Login Function #4" time="3.674"/>
  <testcase name="Validasi Login Function #4" classname="Validasi Login Function #4" time="17.249"/>
  <testcase name="I am on home Page" classname="see log report" time="13.955"/>
  <testcase name="I click menu log report" classname="see log report" time="14.492"/>
  <testcase name="I validate elements elements" classname="see log report" time="4.545"/>
  <testcase name="see log report" classname="see log report" time="18.21"/>
</testsuite>